<?xml version="1.0" encoding="UTF-8"?>
<testsuite name="gr.aueb.sweng22.team07.AuthenticationTest" tests="1" skipped="0" failures="0" errors="0" timestamp="2022-05-17T19:24:40" hostname="DESKTOP-8S8TP7S" time="0.0">
  <properties/>
  <testcase name="login_test" classname="gr.aueb.sweng22.team07.AuthenticationTest" time="0.0"/>
  <system-out><![CDATA[]]></system-out>
  <system-err><![CDATA[]]></system-err>
</testsuite>
